HELLO WORLD!!!HELLO WORLD!!!
!!!!!title
~/dev == kitty IS 0
!!!!!class
NULL == kitty
!!!!!instanse
NULL == kitty
!!!!!NEXTRULE!!

!!!!!title
~/dev == kitty IS 0
!!!!!class
NULL == kitty
!!!!!instanse
NULL == kitty
!!!!!NEXTRULE!!
HELLO WORLD!!!HELLO WORLD!!!
!!!!!title
kitty1 == kitty IS 0
!!!!!class
NULL == kitty
!!!!!instanse
NULL == kitty
!!!!!NEXTRULE!!

!!!!!title
kitty1 == kitty IS 0
!!!!!class
NULL == kitty
!!!!!instanse
NULL == kitty
!!!!!NEXTRULE!!
HELLO WORLD!!!HELLO WORLD!!!
!!!!!title
kitty1 == kitty IS 0
!!!!!class
NULL == kitty
!!!!!instanse
NULL == kitty
!!!!!NEXTRULE!!

!!!!!title
kitty1 == kitty IS 0
!!!!!class
NULL == kitty
!!!!!instanse
NULL == kitty1
!!!!!NEXTRULE!!
HELLO WORLD!!!HELLO WORLD!!!
!!!!!title
NULL == kitty
!!!!!class
NULL == kitty
!!!!!instanse
kitty1 == kitty IS 0
!!!!!NEXTRULE!!

!!!!!title
NULL == kitty
!!!!!class
NULL == kitty
!!!!!instanse
kitty1 == kitty1 IS 1639390800
!!!!!NEXTRULE!!

!!!!!title
NULL == LibreWolf
!!!!!class
NULL == librewolf
!!!!!instanse
kitty1 == Navigator IS 0
!!!!!NEXTRULE!!

!!!!!title
NULL == GNU Emacs at sunshine
!!!!!class
NULL == Emacs
!!!!!instanse
kitty1 == emacs IS 0
!!!!!NEXTRULE!!
